[INFO] Console - predicting pockets for proteins from dataset [structure_019.rebuilt.pdb]
[INFO] PredictPocketsRoutine - outdir: /mnt/c/Users/aksha/conformational-ml/adk-models/outputs/analysis/p2rank_raw/real_open
[INFO] FeatureSetup - enabledFeatures: [chem, volsite, protrusion, bfactor, atom_table]
[INFO] Dataset - processing dataset [structure_019.rebuilt.pdb] using 0 threads
[INFO] Dataset - 
------------------------------------------------------------------------------------------------------------------------
processing [structure_019.rebuilt.pdb] (1/1)
------------------------------------------------------------------------------------------------------------------------

[INFO] Console - processing [structure_019.rebuilt.pdb] (1/1)
[INFO] Protein - loading protein [/mnt/c/Users/aksha/conformational-ml/adk-models/outputs/pdb/real_open/structure_019.rebuilt.pdb]
[INFO] PdbUtils - loading file [/mnt/c/Users/aksha/conformational-ml/adk-models/outputs/pdb/real_open/structure_019.rebuilt.pdb]
[INFO] Struct - all groups in chain  : 214
[INFO] Struct - all groups in chain  : 214
[INFO] Struct - 214 groups in chain  
[INFO] Protein - structure atoms: 1071
[INFO] Protein - protein   atoms: 1071
[INFO] Protein - ignoring ligands
[INFO] FeatureSetup - enabledFeatures: [chem, volsite, protrusion, bfactor, atom_table]
[INFO] Protein - SAS points: 4043
[INFO] Protein - exposed protein atoms: 1048 of 1071
[INFO] InstancePredictor - Creating WekaInstancePredictor
[INFO] SLinkClusterer - clustering [87] elements
[INFO] SLinkClusterer - clusters: [id:1( 1 ), id:13( 1 ), id:16( 1 ), id:28( 3 ), id:30( 1 ), id:31( 1 ), id:50( 24 ), id:68( 1 ), id:70( 2 ), id:72( 3 ), id:79( 23 ), id:84( 1 ), id:85( 1 ), id:86( 24 )]
[INFO] SLinkClusterer - clusters together: 87 / 87
[INFO] PocketPredictor - PREDICTING POCKETS.... ====================================
[INFO] PocketPredictor - SAS POINTS: 4043
[INFO] PocketPredictor - LIGANDABLE POINTS: 87
[INFO] PocketPredictor - CLUSTERS: 14
[INFO] PocketPredictor - FILTERED CLUSTERS: 5
[INFO] PocketPredictor - pocket 1 -  surf_atoms:  45   points:  24   score:   10.5
[INFO] PocketPredictor - pocket 2 -  surf_atoms:  49   points:  24   score:   10.0
[INFO] PocketPredictor - pocket 3 -  surf_atoms:  43   points:  23   score:    8.0
[INFO] PocketPredictor - pocket 4 -  surf_atoms:  16   points:   3   score:    1.8
[INFO] PocketPredictor - pocket 5 -  surf_atoms:  13   points:   3   score:    1.3
[INFO] OldPymolRenderer - copying [/mnt/c/Users/aksha/conformational-ml/adk-models/outputs/pdb/real_open/structure_019.rebuilt.pdb] to [/mnt/c/Users/aksha/conformational-ml/adk-models/outputs/analysis/p2rank_raw/real_open/visualizations/data/structure_019.rebuilt.pdb]
[INFO] Console - predicting pockets finished in 0 hours 0 minutes 7.127 seconds
[INFO] Console - results saved to directory [/mnt/c/Users/aksha/conformational-ml/adk-models/outputs/analysis/p2rank_raw/real_open]
[INFO] Console - 
[INFO] Console - Finished successfully in 0 hours 0 minutes 8.142 seconds.
