[INFO] Console - predicting pockets for proteins from dataset [structure_019.rebuilt.pdb]
[INFO] PredictPocketsRoutine - outdir: /mnt/c/Users/aksha/conformational-ml/adk-models/outputs/analysis/p2rank_raw/real_intermediate
[INFO] FeatureSetup - enabledFeatures: [chem, volsite, protrusion, bfactor, atom_table]
[INFO] Dataset - processing dataset [structure_019.rebuilt.pdb] using 0 threads
[INFO] Dataset - 
------------------------------------------------------------------------------------------------------------------------
processing [structure_019.rebuilt.pdb] (1/1)
------------------------------------------------------------------------------------------------------------------------

[INFO] Console - processing [structure_019.rebuilt.pdb] (1/1)
[INFO] Protein - loading protein [/mnt/c/Users/aksha/conformational-ml/adk-models/outputs/pdb/real_intermediate/structure_019.rebuilt.pdb]
[INFO] PdbUtils - loading file [/mnt/c/Users/aksha/conformational-ml/adk-models/outputs/pdb/real_intermediate/structure_019.rebuilt.pdb]
[INFO] Struct - all groups in chain  : 214
[INFO] Struct - all groups in chain  : 214
[INFO] Struct - 214 groups in chain  
[INFO] Protein - structure atoms: 1071
[INFO] Protein - protein   atoms: 1071
[INFO] Protein - ignoring ligands
[INFO] FeatureSetup - enabledFeatures: [chem, volsite, protrusion, bfactor, atom_table]
[INFO] Protein - SAS points: 3973
[INFO] Protein - exposed protein atoms: 1050 of 1071
[INFO] InstancePredictor - Creating WekaInstancePredictor
[INFO] SLinkClusterer - clustering [128] elements
[INFO] SLinkClusterer - clusters: [id:22( 3 ), id:37( 58 ), id:52( 1 ), id:55( 6 ), id:60( 1 ), id:76( 1 ), id:77( 3 ), id:83( 14 ), id:87( 2 ), id:88( 28 ), id:93( 1 ), id:105( 3 ), id:110( 5 ), id:111( 2 )]
[INFO] SLinkClusterer - clusters together: 128 / 128
[INFO] PocketPredictor - PREDICTING POCKETS.... ====================================
[INFO] PocketPredictor - SAS POINTS: 3973
[INFO] PocketPredictor - LIGANDABLE POINTS: 128
[INFO] PocketPredictor - CLUSTERS: 14
[INFO] PocketPredictor - FILTERED CLUSTERS: 8
[INFO] PocketPredictor - pocket 1 -  surf_atoms:  49   points:  58   score:   18.2
[INFO] PocketPredictor - pocket 2 -  surf_atoms:  53   points:  28   score:   11.0
[INFO] PocketPredictor - pocket 3 -  surf_atoms:  35   points:  14   score:    7.6
[INFO] PocketPredictor - pocket 4 -  surf_atoms:  24   points:   6   score:    3.5
[INFO] PocketPredictor - pocket 5 -  surf_atoms:  23   points:   5   score:    2.6
[INFO] PocketPredictor - pocket 6 -  surf_atoms:  15   points:   3   score:    1.8
[INFO] PocketPredictor - pocket 7 -  surf_atoms:  17   points:   3   score:    1.6
[INFO] PocketPredictor - pocket 8 -  surf_atoms:  10   points:   3   score:    1.1
[INFO] OldPymolRenderer - copying [/mnt/c/Users/aksha/conformational-ml/adk-models/outputs/pdb/real_intermediate/structure_019.rebuilt.pdb] to [/mnt/c/Users/aksha/conformational-ml/adk-models/outputs/analysis/p2rank_raw/real_intermediate/visualizations/data/structure_019.rebuilt.pdb]
[INFO] Console - predicting pockets finished in 0 hours 0 minutes 8.858 seconds
[INFO] Console - results saved to directory [/mnt/c/Users/aksha/conformational-ml/adk-models/outputs/analysis/p2rank_raw/real_intermediate]
[INFO] Console - 
[INFO] Console - Finished successfully in 0 hours 0 minutes 10.605 seconds.
